{
  "RSpec": {
    "coverage": {
      "/mnt/c/Users/andre/SELT_REPOS/Team7_SELT2020/app/controllers/lobby_controller.rb": {
        "lines": [
          1,
          null,
          1,
          null,
          2,
          2,
          0,
          null,
          null,
          0,
          0,
          null,
          2,
          null,
          null,
          null,
          1,
          null,
          1,
          1,
          0,
          null,
          null,
          null,
          1,
          1,
          null,
          1,
          1,
          null,
          null,
          null,
          1,
          0,
          null,
          null,
          1,
          1,
          1,
          1,
          0,
          null,
          1,
          1,
          null,
          1,
          null,
          null,
          null,
          null,
          null,
          null,
          null,
          null,
          1,
          null,
          null,
          1,
          1,
          0,
          null,
          null,
          1,
          1,
          null,
          null,
          1,
          0,
          0,
          0,
          null,
          null,
          1,
          null,
          1,
          null,
          null,
          1,
          1,
          null,
          null,
          1,
          1,
          null,
          null,
          1,
          1,
          1,
          null,
          1,
          null,
          null,
          0,
          0,
          null,
          null,
          null,
          null
        ]
      },
      "/mnt/c/Users/andre/SELT_REPOS/Team7_SELT2020/app/controllers/application_controller.rb": {
        "lines": [
          1,
          1,
          1,
          1,
          null,
          1,
          2,
          null,
          null,
          1,
          2,
          2,
          2,
          2,
          null,
          null,
          null,
          null,
          1,
          2,
          0,
          null,
          null,
          0,
          null,
          null,
          1,
          0,
          0,
          null,
          null,
          null,
          null
        ]
      },
      "/mnt/c/Users/andre/SELT_REPOS/Team7_SELT2020/db/seeds.rb": {
        "lines": [
          null,
          null,
          null,
          null,
          null,
          null,
          null,
          null,
          1,
          null,
          null,
          null,
          1,
          1,
          null,
          null,
          1,
          null,
          null,
          null,
          1,
          1,
          null,
          null,
          1,
          null,
          null,
          null,
          null,
          1,
          2,
          null,
          null,
          1,
          null,
          null,
          null,
          1,
          1,
          null
        ]
      },
      "/mnt/c/Users/andre/SELT_REPOS/Team7_SELT2020/app/models/user.rb": {
        "lines": [
          1,
          1,
          0,
          0,
          0,
          null,
          null,
          1,
          0,
          0,
          0,
          0,
          null,
          null
        ]
      },
      "/mnt/c/Users/andre/SELT_REPOS/Team7_SELT2020/app/models/cardgame.rb": {
        "lines": [
          1,
          1,
          1,
          1,
          1,
          1,
          1,
          null,
          null,
          1,
          1,
          null,
          null,
          null,
          1,
          1,
          null,
          null,
          1,
          1,
          null,
          null,
          1,
          0,
          null,
          null,
          1,
          0,
          null,
          null,
          1,
          0,
          null,
          null,
          null
        ]
      },
      "/mnt/c/Users/andre/SELT_REPOS/Team7_SELT2020/app/models/deck.rb": {
        "lines": [
          1,
          null,
          1,
          null,
          null,
          1,
          1,
          1,
          1,
          1,
          null,
          1,
          1,
          1,
          54,
          null,
          1,
          1,
          null,
          0,
          null,
          1,
          null,
          1,
          null,
          null,
          1,
          1,
          1,
          0,
          null,
          null,
          1,
          1,
          1,
          1,
          null,
          1,
          null,
          null,
          1,
          0,
          null,
          null,
          null,
          null,
          null,
          null
        ]
      },
      "/mnt/c/Users/andre/SELT_REPOS/Team7_SELT2020/app/models/hand.rb": {
        "lines": [
          1,
          null,
          1,
          1,
          null,
          1,
          2,
          2,
          2,
          2,
          2,
          9,
          9,
          9,
          9,
          null,
          0,
          null,
          null,
          2,
          2,
          2,
          2,
          null,
          null,
          1,
          0,
          null,
          null,
          1,
          0,
          null,
          null,
          null,
          null
        ]
      }
    },
    "timestamp": 1607619649
  }
}
